<?xml version="1.0" encoding="UTF-8"?>
<!-- Generated by org.testng.reporters.JUnitXMLReporter -->
<testsuite ignored="0" hostname="Riyad" failures="1" tests="1" name="AmazonApp3" time="11.008" errors="0" timestamp="2021-09-20T22:31:53 EDT">
  <testcase classname="com.inetBanking.testCases.TC_LoginTest_001" name="loginTestWithValidData" time="4.072">
    <failure type="java.lang.AssertionError" message="expected [true] but found [false]">
      <![CDATA[java.lang.AssertionError: expected [true] but found [false]
at com.inetBanking.testCases.TC_LoginTest_001.loginTestWithValidData(TC_LoginTest_001.java:40)
at java.base/java.util.ArrayList.forEach(ArrayList.java:1511)
... Removed 31 stack frames]]>
    </failure>
  </testcase> <!-- loginTestWithValidData -->
</testsuite> <!-- AmazonApp3 -->
