<?xml version="1.0" encoding="UTF-8"?>
<!-- Generated by org.testng.reporters.JUnitXMLReporter -->
<testsuite hostname="Riyad" ignored="0" name="AmazonApp3" tests="1" failures="1" timestamp="2021-09-24T00:24:15 EDT" time="10.703" errors="0">
  <testcase name="loginTestWithValidData" time="3.717" classname="com.inetBanking.testCases.TC_LoginTest_001">
    <failure type="java.lang.AssertionError" message="expected [true] but found [false]">
      <![CDATA[java.lang.AssertionError: expected [true] but found [false]
at com.inetBanking.testCases.TC_LoginTest_001.loginTestWithValidData(TC_LoginTest_001.java:40)
at java.util.ArrayList.forEach(ArrayList.java:1259)
... Removed 35 stack frames]]>
    </failure>
  </testcase> <!-- loginTestWithValidData -->
</testsuite> <!-- AmazonApp3 -->
